<?xml version="1.0" encoding="UTF-8" ?>
<testsuite errors="0" failures="0" hostname="Harrsinis-MacBook-Pro.local" name="Mail.SendMailTest" skipped="0" tests="1" time="2.428" timestamp="2019-12-08T00:57:43">
  <properties>
    <property name="file.reference.swtgraphics2d.jar-1" value="Dependencies/swtgraphics2d.jar" />
    <property name="netbeans.autoupdate.country" value="US" />
    <property name="nb.wait.for.caches" value="true" />
    <property name="javac.test.classpath" value="db4o-8.0.184.15484-all-java5.jar:AbsoluteLayout.jar:javax.mail.jar:/Users/harshi/Documents/Desktop/HeartHelp/dist/lib/swtgraphics2d.jar:/Users/harshi/Documents/Desktop/HeartHelp/dist/lib/jcommon-1.0.23.jar:/Users/harshi/Documents/Desktop/HeartHelp/dist/lib/jfreechart-1.0.19-experimental.jar:/Users/harshi/Documents/Desktop/HeartHelp/dist/lib/jfreechart-1.0.19-swt.jar:/Users/harshi/Documents/Desktop/HeartHelp/dist/lib/jfreechart-1.0.19.jar:/Users/harshi/Documents/Desktop/HeartHelp/dist/lib/jfreesvg-2.0.jar:/Users/harshi/Documents/Desktop/HeartHelp/dist/lib/servlet.jar:Dependencies/javax.mail.jar:Dependencies/jcommon-1.0.23.jar:Dependencies/jfreechart-1.0.19-experimental.jar:Dependencies/jfreechart-1.0.19-swt.jar:Dependencies/jfreechart-1.0.19.jar:Dependencies/jfreesvg-2.0.jar:Dependencies/junit-4.11.jar:Dependencies/orsoncharts-1.4-eval-nofx.jar:Dependencies/orsonpdf-1.6-eval.jar:Dependencies/swtgraphics2d.jar:C:\Users\Sanjeev MD\Downloads\substance-7.2.1.jar\substance-7.2.1.jar:C:\Users\Sanjeev MD\Downloads\laf-widget-7.0.jar\laf-widget-7.0.jar:C:\Users\Sanjeev MD\Downloads\trident.jar\trident.jar:C:\Users\Sanjeev MD\Downloads\jar_files\laf-plugin-7.2.1.jar:Dependencies/substance-7.2.1.jar/substance-7.2.1.jar:Dependencies/laf-widget-7.0.jar/laf-widget-7.0.jar:Dependencies/trident.jar/trident.jar:Dependencies/laf-plugin-7.2-sources.jar/laf-plugin-7.2-sources.jar:Dependencies/jar_files/laf-plugin-7.2.1.jar:build/classes:/Applications/NetBeans/NetBeans 8.2.app/Contents/Resources/NetBeans/platform/modules/ext/junit-4.12.jar:/Applications/NetBeans/NetBeans 8.2.app/Contents/Resources/NetBeans/platform/modules/ext/hamcrest-core-1.3.jar" />
    <property name="manifest.custom.codebase" value="" />
    <property name="ant.core.lib" value="/Applications/NetBeans/NetBeans 8.2.app/Contents/Resources/NetBeans/extide/ant/lib/ant.jar" />
    <property name="file.reference.orsoncharts-1.4-eval-nofx.jar" value="Dependencies/orsoncharts-1.4-eval-nofx.jar" />
    <property name="manifest.custom.application.library.allowable.codebase" value="" />
    <property name="javadoc.windowtitle" value="" />
    <property name="user.dir" value="/Users/harshi/Documents/Desktop/AED/codewalkers/EcoSystem (1)/EcoSystem" />
    <property name="java.vm.version" value="25.111-b14" />
    <property name="file.reference.jfreechart-1.0.19-experimental.jar" value="/Users/harshi/Documents/Desktop/HeartHelp/dist/lib/jfreechart-1.0.19-experimental.jar" />
    <property name="libs.MySQLDriver.classpath" value="/Applications/NetBeans/NetBeans 8.2.app/Contents/Resources/NetBeans/ide/modules/ext/mysql-connector-java-5.1.23-bin.jar" />
    <property name="file.reference.substance-7.2.1.jar" value="C:\Users\Sanjeev MD\Downloads\substance-7.2.1.jar\substance-7.2.1.jar" />
    <property name="libs.eclipselinkmodelgen.src" value="" />
    <property name="javadoc.notree" value="false" />
    <property name="netbeans.autoupdate.version" value="1.23" />
    <property name="javac.profile.cmd.line.arg" value="" />
    <property name="jdk.home" value="/Library/Java/JavaVirtualMachines/jdk1.8.0_111.jdk/Contents/Home" />
    <property name="libs.javac-api.src" value="" />
    <property name="javadoc.noindex" value="false" />
    <property name="libs.jpa2-persistence.classpath" value="/Applications/NetBeans/NetBeans 8.2.app/Contents/Resources/NetBeans/java/modules/ext/hibernate4/hibernate-jpa-2.1-api-1.0.0.Final.jar" />
    <property name="sun.os.patch.level" value="unknown" />
    <property name="do.archive+manifest.available" value="true" />
    <property name="java.vm.specification.name" value="Java Virtual Machine Specification" />
    <property name="nb.show.statistics.ui" value="usageStatisticsEnabled" />
    <property name="netbeans.autoupdate.variant" value="" />
    <property name="have.tests" value="true" />
    <property name="org.xml.sax.driver" value="com.sun.org.apache.xerces.internal.jaxp.SAXParserImpl$JAXPSAXParser" />
    <property name="libs.hamcrest.classpath" value="/Applications/NetBeans/NetBeans 8.2.app/Contents/Resources/NetBeans/platform/modules/ext/hamcrest-core-1.3.jar" />
    <property name="libs.javac-api.javadoc" value="" />
    <property name="os.name" value="Mac OS X" />
    <property name="libs.beans-binding.classpath" value="/Applications/NetBeans/NetBeans 8.2.app/Contents/Resources/NetBeans/java/modules/ext/beansbinding-1.2.1.jar" />
    <property name="ap.proc.none.internal" value="" />
    <property name="file.reference.laf-plugin-7.2.1.jar" value="C:\Users\Sanjeev MD\Downloads\jar_files\laf-plugin-7.2.1.jar" />
    <property name="libs.JWSAntTasks.maven-pom" value="" />
    <property name="jnlp.signing.keystore" value="" />
    <property name="libs.testng.src" value="" />
    <property name="java.vendor.url.bug" value="http://bugreport.sun.com/bugreport/" />
    <property name="libs.jaxb.maven-pom" value="" />
    <property name="os.arch" value="x86_64" />
    <property name="libs.eclipselink.src" value="" />
    <property name="user.name" value="harshi" />
    <property name="copylibs.rebase" value="true" />
    <property name="libs.swing-layout.maven-pom" value="" />
    <property name="sun.java.command" value="org.apache.tools.ant.taskdefs.optional.junit.JUnitTestRunner Mail.SendMailTest skipNonTests=false filtertrace=true haltOnError=false haltOnFailure=false showoutput=true outputtoformatters=true logfailedtests=true threadid=0 logtestlistenerevents=true formatter=org.apache.tools.ant.taskdefs.optional.junit.BriefJUnitResultFormatter formatter=org.apache.tools.ant.taskdefs.optional.junit.XMLJUnitResultFormatter,/Users/harshi/Documents/Desktop/AED/codewalkers/EcoSystem (1)/EcoSystem/build/test/results/TEST-Mail.SendMailTest.xml crashfile=/Users/harshi/Documents/Desktop/AED/codewalkers/EcoSystem (1)/EcoSystem/build/junitvmwatcher7144815995790036712.properties propsfile=/Users/harshi/Documents/Desktop/AED/codewalkers/EcoSystem (1)/EcoSystem/build/junit8323844886229409856.properties" />
    <property name="build.classes.dir" value="build/classes" />
    <property name="netbeans.accept_license_class" value="org.netbeans.license.AcceptLicense" />
    <property name="jnlp.descriptor" value="application" />
    <property name="build.sysclasspath" value="ignore" />
    <property name="manifest.encoding" value="UTF-8" />
    <property name="ap.supported.internal" value="true" />
    <property name="java.failonerror" value="true" />
    <property name="libs.jaxws21.javadoc" value="/Applications/NetBeans/NetBeans 8.2.app/Contents/Resources/NetBeans/java/docs/jaxws-api-doc.zip" />
    <property name="includes" value="**" />
    <property name="user.country" value="US" />
    <property name="file.reference.AbsoluteLayout.jar" value="AbsoluteLayout.jar" />
    <property name="manifest.file" value="manifest.mf" />
    <property name="addExports:java.desktop/sun.awt" value="ALL-UNNAMED" />
    <property name="ant.file.EcoSystemDemo" value="/Users/harshi/Documents/Desktop/AED/codewalkers/EcoSystem (1)/EcoSystem/build.xml" />
    <property name="javadoc.encoding" value="UTF-8" />
    <property name="javac.classpath" value="db4o-8.0.184.15484-all-java5.jar:AbsoluteLayout.jar:javax.mail.jar:/Users/harshi/Documents/Desktop/HeartHelp/dist/lib/swtgraphics2d.jar:/Users/harshi/Documents/Desktop/HeartHelp/dist/lib/jcommon-1.0.23.jar:/Users/harshi/Documents/Desktop/HeartHelp/dist/lib/jfreechart-1.0.19-experimental.jar:/Users/harshi/Documents/Desktop/HeartHelp/dist/lib/jfreechart-1.0.19-swt.jar:/Users/harshi/Documents/Desktop/HeartHelp/dist/lib/jfreechart-1.0.19.jar:/Users/harshi/Documents/Desktop/HeartHelp/dist/lib/jfreesvg-2.0.jar:/Users/harshi/Documents/Desktop/HeartHelp/dist/lib/servlet.jar:Dependencies/javax.mail.jar:Dependencies/jcommon-1.0.23.jar:Dependencies/jfreechart-1.0.19-experimental.jar:Dependencies/jfreechart-1.0.19-swt.jar:Dependencies/jfreechart-1.0.19.jar:Dependencies/jfreesvg-2.0.jar:Dependencies/junit-4.11.jar:Dependencies/orsoncharts-1.4-eval-nofx.jar:Dependencies/orsonpdf-1.6-eval.jar:Dependencies/swtgraphics2d.jar:C:\Users\Sanjeev MD\Downloads\substance-7.2.1.jar\substance-7.2.1.jar:C:\Users\Sanjeev MD\Downloads\laf-widget-7.0.jar\laf-widget-7.0.jar:C:\Users\Sanjeev MD\Downloads\trident.jar\trident.jar:C:\Users\Sanjeev MD\Downloads\jar_files\laf-plugin-7.2.1.jar:Dependencies/substance-7.2.1.jar/substance-7.2.1.jar:Dependencies/laf-widget-7.0.jar/laf-widget-7.0.jar:Dependencies/trident.jar/trident.jar:Dependencies/laf-plugin-7.2-sources.jar/laf-plugin-7.2-sources.jar:Dependencies/jar_files/laf-plugin-7.2.1.jar" />
    <property name="file.reference.swtgraphics2d.jar" value="/Users/harshi/Documents/Desktop/HeartHelp/dist/lib/swtgraphics2d.jar" />
    <property name="libs.spring-framework400.classpath" value="/Applications/NetBeans/NetBeans 8.2.app/Contents/Resources/NetBeans/ide/modules/org-apache-commons-logging.jar:/Applications/NetBeans/NetBeans 8.2.app/Contents/Resources/NetBeans/java/modules/ext/cglib-2.2.jar:/Applications/NetBeans/NetBeans 8.2.app/Contents/Resources/NetBeans/java/modules/ext/spring-4/spring-aop-4.0.1.RELEASE.jar:/Applications/NetBeans/NetBeans 8.2.app/Contents/Resources/NetBeans/java/modules/ext/spring-4/spring-aspects-4.0.1.RELEASE.jar:/Applications/NetBeans/NetBeans 8.2.app/Contents/Resources/NetBeans/java/modules/ext/spring-4/spring-beans-4.0.1.RELEASE.jar:/Applications/NetBeans/NetBeans 8.2.app/Contents/Resources/NetBeans/java/modules/ext/spring-4/spring-build-src-4.0.1.RELEASE.jar:/Applications/NetBeans/NetBeans 8.2.app/Contents/Resources/NetBeans/java/modules/ext/spring-4/spring-context-4.0.1.RELEASE.jar:/Applications/NetBeans/NetBeans 8.2.app/Contents/Resources/NetBeans/java/modules/ext/spring-4/spring-context-support-4.0.1.RELEASE.jar:/Applications/NetBeans/NetBeans 8.2.app/Contents/Resources/NetBeans/java/modules/ext/spring-4/spring-core-4.0.1.RELEASE.jar:/Applications/NetBeans/NetBeans 8.2.app/Contents/Resources/NetBeans/java/modules/ext/spring-4/spring-expression-4.0.1.RELEASE.jar:/Applications/NetBeans/NetBeans 8.2.app/Contents/Resources/NetBeans/java/modules/ext/spring-4/spring-framework-bom-4.0.1.RELEASE.jar:/Applications/NetBeans/NetBeans 8.2.app/Contents/Resources/NetBeans/java/modules/ext/spring-4/spring-instrument-4.0.1.RELEASE.jar:/Applications/NetBeans/NetBeans 8.2.app/Contents/Resources/NetBeans/java/modules/ext/spring-4/spring-instrument-tomcat-4.0.1.RELEASE.jar:/Applications/NetBeans/NetBeans 8.2.app/Contents/Resources/NetBeans/java/modules/ext/spring-4/spring-jdbc-4.0.1.RELEASE.jar:/Applications/NetBeans/NetBeans 8.2.app/Contents/Resources/NetBeans/java/modules/ext/spring-4/spring-jms-4.0.1.RELEASE.jar:/Applications/NetBeans/NetBeans 8.2.app/Contents/Resources/NetBeans/java/modules/ext/spring-4/spring-messaging-4.0.1.RELEASE.jar:/Applications/NetBeans/NetBeans 8.2.app/Contents/Resources/NetBeans/java/modules/ext/spring-4/spring-orm-4.0.1.RELEASE.jar:/Applications/NetBeans/NetBeans 8.2.app/Contents/Resources/NetBeans/java/modules/ext/spring-4/spring-oxm-4.0.1.RELEASE.jar:/Applications/NetBeans/NetBeans 8.2.app/Contents/Resources/NetBeans/java/modules/ext/spring-4/spring-test-4.0.1.RELEASE.jar:/Applications/NetBeans/NetBeans 8.2.app/Contents/Resources/NetBeans/java/modules/ext/spring-4/spring-tx-4.0.1.RELEASE.jar:/Applications/NetBeans/NetBeans 8.2.app/Contents/Resources/NetBeans/java/modules/ext/spring-4/spring-web-4.0.1.RELEASE.jar:/Applications/NetBeans/NetBeans 8.2.app/Contents/Resources/NetBeans/java/modules/ext/spring-4/spring-webmvc-4.0.1.RELEASE.jar:/Applications/NetBeans/NetBeans 8.2.app/Contents/Resources/NetBeans/java/modules/ext/spring-4/spring-webmvc-portlet-4.0.1.RELEASE.jar:/Applications/NetBeans/NetBeans 8.2.app/Contents/Resources/NetBeans/java/modules/ext/spring-4/spring-websocket-4.0.1.RELEASE.jar" />
    <property name="debug-transport" value="dt_socket" />
    <property name="netbeans.home" value="/Applications/NetBeans/NetBeans 8.2.app/Contents/Resources/NetBeans/platform" />
    <property name="build.compiler.emacs" value="true" />
    <property name="java.endorsed.dirs" value="/Library/Java/JavaVirtualMachines/jdk1.8.0_111.jdk/Contents/Home/jre/lib/endorsed" />
    <property name="file.reference.laf-plugin-7.2.1.jar-1" value="Dependencies/jar_files/laf-plugin-7.2.1.jar" />
    <property name="addExports:java.desktop/com.apple.eawt" value="ALL-UNNAMED" />
    <property name="netbeans.dynamic.classpath" value="/Applications/NetBeans/NetBeans 8.2.app/Contents/Resources/NetBeans/platform/core/org-netbeans-libs-asm.jar:/Applications/NetBeans/NetBeans 8.2.app/Contents/Resources/NetBeans/platform/core/org-openide-filesystems-compat8.jar:/Applications/NetBeans/NetBeans 8.2.app/Contents/Resources/NetBeans/platform/core/asm-all-5.0.1.jar:/Applications/NetBeans/NetBeans 8.2.app/Contents/Resources/NetBeans/platform/core/org-openide-filesystems.jar:/Applications/NetBeans/NetBeans 8.2.app/Contents/Resources/NetBeans/platform/core/core.jar:/Applications/NetBeans/NetBeans 8.2.app/Contents/Resources/NetBeans/platform/core/core-base.jar:/Applications/NetBeans/NetBeans 8.2.app/Contents/Resources/NetBeans/platform/core/locale/core_pt_BR.jar:/Applications/NetBeans/NetBeans 8.2.app/Contents/Resources/NetBeans/platform/core/locale/org-netbeans-libs-asm_pt_BR.jar:/Applications/NetBeans/NetBeans 8.2.app/Contents/Resources/NetBeans/platform/core/locale/core-base_zh_CN.jar:/Applications/NetBeans/NetBeans 8.2.app/Contents/Resources/NetBeans/platform/core/locale/core-base_ru.jar:/Applications/NetBeans/NetBeans 8.2.app/Contents/Resources/NetBeans/platform/core/locale/core_ru.jar:/Applications/NetBeans/NetBeans 8.2.app/Contents/Resources/NetBeans/platform/core/locale/core_ja.jar:/Applications/NetBeans/NetBeans 8.2.app/Contents/Resources/NetBeans/platform/core/locale/org-openide-filesystems-compat8_zh_CN.jar:/Applications/NetBeans/NetBeans 8.2.app/Contents/Resources/NetBeans/platform/core/locale/org-openide-filesystems_pt_BR.jar:/Applications/NetBeans/NetBeans 8.2.app/Contents/Resources/NetBeans/platform/core/locale/core-base_ja.jar:/Applications/NetBeans/NetBeans 8.2.app/Contents/Resources/NetBeans/platform/core/locale/org-openide-filesystems_ja.jar:/Applications/NetBeans/NetBeans 8.2.app/Contents/Resources/NetBeans/platform/core/locale/org-openide-filesystems-compat8_ru.jar:/Applications/NetBeans/NetBeans 8.2.app/Contents/Resources/NetBeans/platform/core/locale/org-openide-filesystems-compat8_ja.jar:/Applications/NetBeans/NetBeans 8.2.app/Contents/Resources/NetBeans/platform/core/locale/org-openide-filesystems_ru.jar:/Applications/NetBeans/NetBeans 8.2.app/Contents/Resources/NetBeans/platform/core/locale/org-openide-filesystems-compat8_pt_BR.jar:/Applications/NetBeans/NetBeans 8.2.app/Contents/Resources/NetBeans/platform/core/locale/org-openide-filesystems_zh_CN.jar:/Applications/NetBeans/NetBeans 8.2.app/Contents/Resources/NetBeans/platform/core/locale/core_zh_CN.jar:/Applications/NetBeans/NetBeans 8.2.app/Contents/Resources/NetBeans/platform/core/locale/org-netbeans-libs-asm_ru.jar:/Applications/NetBeans/NetBeans 8.2.app/Contents/Resources/NetBeans/platform/core/locale/org-netbeans-libs-asm_ja.jar:/Applications/NetBeans/NetBeans 8.2.app/Contents/Resources/NetBeans/platform/core/locale/core-base_pt_BR.jar:/Applications/NetBeans/NetBeans 8.2.app/Contents/Resources/NetBeans/platform/core/locale/org-netbeans-libs-asm_zh_CN.jar:/Applications/NetBeans/NetBeans 8.2.app/Contents/Resources/NetBeans/nb/core/org-netbeans-upgrader.jar:/Applications/NetBeans/NetBeans 8.2.app/Contents/Resources/NetBeans/nb/core/locale/core_nb_zh_CN.jar:/Applications/NetBeans/NetBeans 8.2.app/Contents/Resources/NetBeans/nb/core/locale/org-netbeans-upgrader_ja.jar:/Applications/NetBeans/NetBeans 8.2.app/Contents/Resources/NetBeans/nb/core/locale/org-netbeans-upgrader_ru.jar:/Applications/NetBeans/NetBeans 8.2.app/Contents/Resources/NetBeans/nb/core/locale/org-netbeans-upgrader_pt_BR.jar:/Applications/NetBeans/NetBeans 8.2.app/Contents/Resources/NetBeans/nb/core/locale/org-netbeans-upgrader_zh_CN.jar:/Applications/NetBeans/NetBeans 8.2.app/Contents/Resources/NetBeans/nb/core/locale/core_nb_pt_BR.jar:/Applications/NetBeans/NetBeans 8.2.app/Contents/Resources/NetBeans/nb/core/locale/core_nb_ru.jar:/Applications/NetBeans/NetBeans 8.2.app/Contents/Resources/NetBeans/nb/core/locale/core_nb.jar:/Applications/NetBeans/NetBeans 8.2.app/Contents/Resources/NetBeans/nb/core/locale/core_nb_ja.jar" />
    <property name="jnlp.enabled" value="false" />
    <property name="java.vm.specification.version" value="1.8" />
    <property name="libs.hibernate4-support.src" value="" />
    <property name="ftp.nonProxyHosts" value="local|*.local|169.254/16|*.169.254/16" />
    <property name="file.reference.jfreechart-1.0.19-swt.jar" value="/Users/harshi/Documents/Desktop/HeartHelp/dist/lib/jfreechart-1.0.19-swt.jar" />
    <property name="netbeans.productversion" value="NetBeans IDE 8.2 (Build 201609300101)" />
    <property name="file.reference.junit-4.11.jar" value="Dependencies/junit-4.11.jar" />
    <property name="libs.jaxws21.src" value="" />
    <property name="application.title" value="EcoSystemDemo" />
    <property name="do.archive" value="true" />
    <property name="netbeans.autoupdate.language" value="en" />
    <property name="java.vendor" value="Oracle Corporation" />
    <property name="file.reference.trident.jar" value="C:\Users\Sanjeev MD\Downloads\trident.jar\trident.jar" />
    <property name="sun.font.fontmanager" value="sun.font.CFontManager" />
    <property name="jar.index.metainf" value="false" />
    <property name="javac.debug" value="true" />
    <property name="javadoc.splitindex" value="true" />
    <property name="file.separator" value="/" />
    <property name="libs.junit_4.maven-pom" value="" />
    <property name="mkdist.disabled" value="false" />
    <property name="javac.test.processorpath" value="db4o-8.0.184.15484-all-java5.jar:AbsoluteLayout.jar:javax.mail.jar:/Users/harshi/Documents/Desktop/HeartHelp/dist/lib/swtgraphics2d.jar:/Users/harshi/Documents/Desktop/HeartHelp/dist/lib/jcommon-1.0.23.jar:/Users/harshi/Documents/Desktop/HeartHelp/dist/lib/jfreechart-1.0.19-experimental.jar:/Users/harshi/Documents/Desktop/HeartHelp/dist/lib/jfreechart-1.0.19-swt.jar:/Users/harshi/Documents/Desktop/HeartHelp/dist/lib/jfreechart-1.0.19.jar:/Users/harshi/Documents/Desktop/HeartHelp/dist/lib/jfreesvg-2.0.jar:/Users/harshi/Documents/Desktop/HeartHelp/dist/lib/servlet.jar:Dependencies/javax.mail.jar:Dependencies/jcommon-1.0.23.jar:Dependencies/jfreechart-1.0.19-experimental.jar:Dependencies/jfreechart-1.0.19-swt.jar:Dependencies/jfreechart-1.0.19.jar:Dependencies/jfreesvg-2.0.jar:Dependencies/junit-4.11.jar:Dependencies/orsoncharts-1.4-eval-nofx.jar:Dependencies/orsonpdf-1.6-eval.jar:Dependencies/swtgraphics2d.jar:C:\Users\Sanjeev MD\Downloads\substance-7.2.1.jar\substance-7.2.1.jar:C:\Users\Sanjeev MD\Downloads\laf-widget-7.0.jar\laf-widget-7.0.jar:C:\Users\Sanjeev MD\Downloads\trident.jar\trident.jar:C:\Users\Sanjeev MD\Downloads\jar_files\laf-plugin-7.2.1.jar:Dependencies/substance-7.2.1.jar/substance-7.2.1.jar:Dependencies/laf-widget-7.0.jar/laf-widget-7.0.jar:Dependencies/trident.jar/trident.jar:Dependencies/laf-plugin-7.2-sources.jar/laf-plugin-7.2-sources.jar:Dependencies/jar_files/laf-plugin-7.2.1.jar:build/classes:/Applications/NetBeans/NetBeans 8.2.app/Contents/Resources/NetBeans/platform/modules/ext/junit-4.12.jar:/Applications/NetBeans/NetBeans 8.2.app/Contents/Resources/NetBeans/platform/modules/ext/hamcrest-core-1.3.jar" />
    <property name="netbeans.buildnumber" value="201609300101" />
    <property name="libs.JWSAntTasks.javadoc" value="" />
    <property name="build.generated.sources.dir" value="build/generated-sources" />
    <property name="libs.eclipselinkmodelgen.classpath" value="/Applications/NetBeans/NetBeans 8.2.app/Contents/Resources/NetBeans/java/modules/ext/eclipselink/org.eclipse.persistence.jpa.modelgen_2.5.2.v20140319-9ad6abd.jar" />
    <property name="sun.java.launcher" value="SUN_STANDARD" />
    <property name="libs.hibernate4-persistencemodelgen.javadoc" value="" />
    <property name="libs.jaxb.javadoc" value="/Applications/NetBeans/NetBeans 8.2.app/Contents/Resources/NetBeans/ide/docs/jaxb-api-doc.zip" />
    <property name="ant.home" value="/Applications/NetBeans/NetBeans 8.2.app/Contents/Resources/NetBeans/extide/ant" />
    <property name="libs.junit_4.src" value="/Applications/NetBeans/NetBeans 8.2.app/Contents/Resources/NetBeans/platform/docs/junit-4.12-sources.jar" />
    <property name="libs.testng.classpath" value="/Applications/NetBeans/NetBeans 8.2.app/Contents/Resources/NetBeans/platform/modules/ext/testng-6.8.1-dist.jar" />
    <property name="libs.absolutelayout.maven-pom" value="" />
    <property name="ant.java.version" value="1.8" />
    <property name="java.library.path" value="/Users/harshi/Library/Java/Extensions:/Library/Java/Extensions:/Network/Library/Java/Extensions:/System/Library/Java/Extensions:/usr/lib/java:." />
    <property name="javadoc.author" value="false" />
    <property name="java.util.logging.config.class" value="org.netbeans.core.startup.TopLogging" />
    <property name="libs.spring-framework400.src" value="" />
    <property name="libs.PostgreSQLDriver.src" value="" />
    <property name="sun.arch.data.model" value="64" />
    <property name="basedir" value="/Users/harshi/Documents/Desktop/AED/codewalkers/EcoSystem (1)/EcoSystem" />
    <property name="libs.jpa20-persistence.maven-pom" value="" />
    <property name="jar.compress" value="false" />
    <property name="path.separator" value=":" />
    <property name="ant.junit.enabletestlistenerevents" value="true" />
    <property name="sun.io.unicode.encoding" value="UnicodeBig" />
    <property name="libs.jaxws21.classpath" value="/Applications/NetBeans/NetBeans 8.2.app/Contents/Resources/NetBeans/ide/modules/ext/jaxb/jaxb-impl.jar:/Applications/NetBeans/NetBeans 8.2.app/Contents/Resources/NetBeans/ide/modules/ext/jaxb/jaxb-xjc.jar:/Applications/NetBeans/NetBeans 8.2.app/Contents/Resources/NetBeans/java/modules/ext/jaxws22/FastInfoset.jar:/Applications/NetBeans/NetBeans 8.2.app/Contents/Resources/NetBeans/java/modules/ext/jaxws22/gmbal-api-only.jar:/Applications/NetBeans/NetBeans 8.2.app/Contents/Resources/NetBeans/java/modules/ext/jaxws22/ha-api.jar:/Applications/NetBeans/NetBeans 8.2.app/Contents/Resources/NetBeans/java/modules/ext/jaxws22/javax.mail_1.4.jar:/Applications/NetBeans/NetBeans 8.2.app/Contents/Resources/NetBeans/java/modules/ext/jaxws22/jaxws-rt.jar:/Applications/NetBeans/NetBeans 8.2.app/Contents/Resources/NetBeans/java/modules/ext/jaxws22/jaxws-tools.jar:/Applications/NetBeans/NetBeans 8.2.app/Contents/Resources/NetBeans/java/modules/ext/jaxws22/management-api.jar:/Applications/NetBeans/NetBeans 8.2.app/Contents/Resources/NetBeans/java/modules/ext/jaxws22/mimepull.jar:/Applications/NetBeans/NetBeans 8.2.app/Contents/Resources/NetBeans/java/modules/ext/jaxws22/policy.jar:/Applications/NetBeans/NetBeans 8.2.app/Contents/Resources/NetBeans/java/modules/ext/jaxws22/saaj-impl.jar:/Applications/NetBeans/NetBeans 8.2.app/Contents/Resources/NetBeans/java/modules/ext/jaxws22/stax-ex.jar:/Applications/NetBeans/NetBeans 8.2.app/Contents/Resources/NetBeans/java/modules/ext/jaxws22/stax2-api.jar:/Applications/NetBeans/NetBeans 8.2.app/Contents/Resources/NetBeans/java/modules/ext/jaxws22/streambuffer.jar:/Applications/NetBeans/NetBeans 8.2.app/Contents/Resources/NetBeans/java/modules/ext/jaxws22/woodstox-core-asl.jar:/Applications/NetBeans/NetBeans 8.2.app/Contents/Resources/NetBeans/java/modules/ext/jaxws22/api/jaxws-api.jar:/Applications/NetBeans/NetBeans 8.2.app/Contents/Resources/NetBeans/java/modules/ext/jaxws22/api/jsr181-api.jar:/Applications/NetBeans/NetBeans 8.2.app/Contents/Resources/NetBeans/java/modules/ext/jaxws22/api/javax.annotation.jar:/Applications/NetBeans/NetBeans 8.2.app/Contents/Resources/NetBeans/java/modules/ext/jaxws22/api/saaj-api.jar:/Applications/NetBeans/NetBeans 8.2.app/Contents/Resources/NetBeans/ide/modules/ext/jaxb/activation.jar:/Applications/NetBeans/NetBeans 8.2.app/Contents/Resources/NetBeans/ide/modules/ext/jaxb/api/jaxb-api.jar:/Applications/NetBeans/NetBeans 8.2.app/Contents/Resources/NetBeans/ide/modules/ext/jaxb/api/jsr173_1.0_api.jar" />
    <property name="compile.on.save" value="true" />
    <property name="apple.awt.graphics.UseQuartz" value="true" />
    <property name="addExports:java.desktop/sun.awt.im" value="ALL-UNNAMED" />
    <property name="user.language" value="en" />
    <property name="testng.mode" value="testng" />
    <property name="libs.JAXB-ENDORSED.maven-pom" value="" />
    <property name="libs.eclipselink.maven-pom" value="" />
    <property name="application.vendor" value="lingfengzhou" />
    <property name="test.binaryincludes" value="&lt;nothing&gt;" />
    <property name="manifest.available" value="true" />
    <property name="libs.spring-framework300.maven-pom" value="" />
    <property name="file.reference.substance-7.2.1.jar-1" value="Dependencies/substance-7.2.1.jar/substance-7.2.1.jar" />
    <property name="run.test.classpath" value="db4o-8.0.184.15484-all-java5.jar:AbsoluteLayout.jar:javax.mail.jar:/Users/harshi/Documents/Desktop/HeartHelp/dist/lib/swtgraphics2d.jar:/Users/harshi/Documents/Desktop/HeartHelp/dist/lib/jcommon-1.0.23.jar:/Users/harshi/Documents/Desktop/HeartHelp/dist/lib/jfreechart-1.0.19-experimental.jar:/Users/harshi/Documents/Desktop/HeartHelp/dist/lib/jfreechart-1.0.19-swt.jar:/Users/harshi/Documents/Desktop/HeartHelp/dist/lib/jfreechart-1.0.19.jar:/Users/harshi/Documents/Desktop/HeartHelp/dist/lib/jfreesvg-2.0.jar:/Users/harshi/Documents/Desktop/HeartHelp/dist/lib/servlet.jar:Dependencies/javax.mail.jar:Dependencies/jcommon-1.0.23.jar:Dependencies/jfreechart-1.0.19-experimental.jar:Dependencies/jfreechart-1.0.19-swt.jar:Dependencies/jfreechart-1.0.19.jar:Dependencies/jfreesvg-2.0.jar:Dependencies/junit-4.11.jar:Dependencies/orsoncharts-1.4-eval-nofx.jar:Dependencies/orsonpdf-1.6-eval.jar:Dependencies/swtgraphics2d.jar:C:\Users\Sanjeev MD\Downloads\substance-7.2.1.jar\substance-7.2.1.jar:C:\Users\Sanjeev MD\Downloads\laf-widget-7.0.jar\laf-widget-7.0.jar:C:\Users\Sanjeev MD\Downloads\trident.jar\trident.jar:C:\Users\Sanjeev MD\Downloads\jar_files\laf-plugin-7.2.1.jar:Dependencies/substance-7.2.1.jar/substance-7.2.1.jar:Dependencies/laf-widget-7.0.jar/laf-widget-7.0.jar:Dependencies/trident.jar/trident.jar:Dependencies/laf-plugin-7.2-sources.jar/laf-plugin-7.2-sources.jar:Dependencies/jar_files/laf-plugin-7.2.1.jar:build/classes:/Applications/NetBeans/NetBeans 8.2.app/Contents/Resources/NetBeans/platform/modules/ext/junit-4.12.jar:/Applications/NetBeans/NetBeans 8.2.app/Contents/Resources/NetBeans/platform/modules/ext/hamcrest-core-1.3.jar:build/test/classes" />
    <property name="ant.project.invoked-targets" value="test" />
    <property name="test.binaryexcludes" value="" />
    <property name="file.reference.db4o-8.0.184.15484-all-java5.jar-1" value="db4o-8.0.184.15484-all-java5.jar" />
    <property name="libs.swing-layout.javadoc" value="/Applications/NetBeans/NetBeans 8.2.app/Contents/Resources/NetBeans/platform/docs/swing-layout-1.0.4-doc.zip" />
    <property name="sun.java2d.dpiaware" value="true" />
    <property name="libs.hibernate4-persistence.maven-pom" value="" />
    <property name="addExports:java.base/jdk.internal.jrtfs" value="ALL-UNNAMED" />
    <property name="gopherProxySet" value="false" />
    <property name="https.nonProxyHosts" value="localhost|127.0.0.1|Harrsinis-MacBook-Pro.local" />
    <property name="libs.PostgreSQLDriver.maven-pom" value="" />
    <property name="java.class.version" value="52.0" />
    <property name="libs.hibernate4-persistencemodelgen.maven-pom" value="" />
    <property name="libs.eclipselink.javadoc" value="/Applications/NetBeans/NetBeans 8.2.app/Contents/Resources/NetBeans/java/modules/ext/docs/javax.persistence-2.1.0-doc.zip" />
    <property name="user.properties.file" value="/Users/harshi/Library/Application Support/NetBeans/8.2/build.properties" />
    <property name="runtime.encoding" value="UTF-8" />
    <property name="ant.file.type.EcoSystemDemo" value="file" />
    <property name="libs.javac-api.maven-pom" value="" />
    <property name="file.encoding.pkg" value="sun.io" />
    <property name="sun.cpu.endian" value="little" />
    <property name="libs.JAXB-ENDORSED.javadoc" value="" />
    <property name="libs.JWSAntTasks.classpath" value="/Applications/NetBeans/NetBeans 8.2.app/Contents/Resources/NetBeans/java/ant/extra/org-netbeans-modules-javawebstart-anttasks.jar" />
    <property name="libs.spring-framework300.src" value="" />
    <property name="file.reference.jfreesvg-2.0.jar" value="/Users/harshi/Documents/Desktop/HeartHelp/dist/lib/jfreesvg-2.0.jar" />
    <property name="empty.dir" value="/Users/harshi/Documents/Desktop/AED/codewalkers/EcoSystem (1)/EcoSystem/build/empty" />
    <property name="file.reference.jfreechart-1.0.19.jar" value="/Users/harshi/Documents/Desktop/HeartHelp/dist/lib/jfreechart-1.0.19.jar" />
    <property name="version-output" value="java version &quot;1.8" />
    <property name="test.binarytestincludes" value="" />
    <property name="libs.hibernate4-persistencemodelgen.src" value="" />
    <property name="javadoc.preview" value="true" />
    <property name="socksNonProxyHosts" value="local|*.local|169.254/16|*.169.254/16" />
    <property name="libs.jpa20-persistence.javadoc" value="/Applications/NetBeans/NetBeans 8.2.app/Contents/Resources/NetBeans/java/modules/ext/docs/javax.persistence-2.1.0-doc.zip" />
    <property name="java.home" value="/Library/Java/JavaVirtualMachines/jdk1.8.0_111.jdk/Contents/Home/jre" />
    <property name="debug.test.classpath" value="db4o-8.0.184.15484-all-java5.jar:AbsoluteLayout.jar:javax.mail.jar:/Users/harshi/Documents/Desktop/HeartHelp/dist/lib/swtgraphics2d.jar:/Users/harshi/Documents/Desktop/HeartHelp/dist/lib/jcommon-1.0.23.jar:/Users/harshi/Documents/Desktop/HeartHelp/dist/lib/jfreechart-1.0.19-experimental.jar:/Users/harshi/Documents/Desktop/HeartHelp/dist/lib/jfreechart-1.0.19-swt.jar:/Users/harshi/Documents/Desktop/HeartHelp/dist/lib/jfreechart-1.0.19.jar:/Users/harshi/Documents/Desktop/HeartHelp/dist/lib/jfreesvg-2.0.jar:/Users/harshi/Documents/Desktop/HeartHelp/dist/lib/servlet.jar:Dependencies/javax.mail.jar:Dependencies/jcommon-1.0.23.jar:Dependencies/jfreechart-1.0.19-experimental.jar:Dependencies/jfreechart-1.0.19-swt.jar:Dependencies/jfreechart-1.0.19.jar:Dependencies/jfreesvg-2.0.jar:Dependencies/junit-4.11.jar:Dependencies/orsoncharts-1.4-eval-nofx.jar:Dependencies/orsonpdf-1.6-eval.jar:Dependencies/swtgraphics2d.jar:C:\Users\Sanjeev MD\Downloads\substance-7.2.1.jar\substance-7.2.1.jar:C:\Users\Sanjeev MD\Downloads\laf-widget-7.0.jar\laf-widget-7.0.jar:C:\Users\Sanjeev MD\Downloads\trident.jar\trident.jar:C:\Users\Sanjeev MD\Downloads\jar_files\laf-plugin-7.2.1.jar:Dependencies/substance-7.2.1.jar/substance-7.2.1.jar:Dependencies/laf-widget-7.0.jar/laf-widget-7.0.jar:Dependencies/trident.jar/trident.jar:Dependencies/laf-plugin-7.2-sources.jar/laf-plugin-7.2-sources.jar:Dependencies/jar_files/laf-plugin-7.2.1.jar:build/classes:/Applications/NetBeans/NetBeans 8.2.app/Contents/Resources/NetBeans/platform/modules/ext/junit-4.12.jar:/Applications/NetBeans/NetBeans 8.2.app/Contents/Resources/NetBeans/platform/modules/ext/hamcrest-core-1.3.jar:build/test/classes" />
    <property name="netbeans.importclass" value="org.netbeans.upgrade.AutoUpgrade" />
    <property name="ant.project.default-target" value="default" />
    <property name="annotation.processing.run.all.processors" value="true" />
    <property name="jar.archive.disabled" value="false" />
    <property name="jnlp.signing.alias" value="" />
    <property name="libs.PostgreSQLDriver.javadoc" value="" />
    <property name="libs.MySQLDriver.maven-pom" value="" />
    <property name="libs.hibernate4-persistence.javadoc" value="/Applications/NetBeans/NetBeans 8.2.app/Contents/Resources/NetBeans/java/modules/ext/docs/javax.persistence-2.1.0-doc.zip" />
    <property name="file.reference.orsonpdf-1.6-eval.jar" value="Dependencies/orsonpdf-1.6-eval.jar" />
    <property name="http.nonProxyHosts" value="local|*.local|169.254/16|*.169.254/16" />
    <property name="libs.junit_4.javadoc" value="/Applications/NetBeans/NetBeans 8.2.app/Contents/Resources/NetBeans/platform/docs/junit-4.12-javadoc.jar" />
    <property name="run.classpath" value="db4o-8.0.184.15484-all-java5.jar:AbsoluteLayout.jar:javax.mail.jar:/Users/harshi/Documents/Desktop/HeartHelp/dist/lib/swtgraphics2d.jar:/Users/harshi/Documents/Desktop/HeartHelp/dist/lib/jcommon-1.0.23.jar:/Users/harshi/Documents/Desktop/HeartHelp/dist/lib/jfreechart-1.0.19-experimental.jar:/Users/harshi/Documents/Desktop/HeartHelp/dist/lib/jfreechart-1.0.19-swt.jar:/Users/harshi/Documents/Desktop/HeartHelp/dist/lib/jfreechart-1.0.19.jar:/Users/harshi/Documents/Desktop/HeartHelp/dist/lib/jfreesvg-2.0.jar:/Users/harshi/Documents/Desktop/HeartHelp/dist/lib/servlet.jar:Dependencies/javax.mail.jar:Dependencies/jcommon-1.0.23.jar:Dependencies/jfreechart-1.0.19-experimental.jar:Dependencies/jfreechart-1.0.19-swt.jar:Dependencies/jfreechart-1.0.19.jar:Dependencies/jfreesvg-2.0.jar:Dependencies/junit-4.11.jar:Dependencies/orsoncharts-1.4-eval-nofx.jar:Dependencies/orsonpdf-1.6-eval.jar:Dependencies/swtgraphics2d.jar:C:\Users\Sanjeev MD\Downloads\substance-7.2.1.jar\substance-7.2.1.jar:C:\Users\Sanjeev MD\Downloads\laf-widget-7.0.jar\laf-widget-7.0.jar:C:\Users\Sanjeev MD\Downloads\trident.jar\trident.jar:C:\Users\Sanjeev MD\Downloads\jar_files\laf-plugin-7.2.1.jar:Dependencies/substance-7.2.1.jar/substance-7.2.1.jar:Dependencies/laf-widget-7.0.jar/laf-widget-7.0.jar:Dependencies/trident.jar/trident.jar:Dependencies/laf-plugin-7.2-sources.jar/laf-plugin-7.2-sources.jar:Dependencies/jar_files/laf-plugin-7.2.1.jar:build/classes" />
    <property name="jna.boot.library.name" value="jnidispatch-422" />
    <property name="sun.awt.datatransfer.timeout" value="1000" />
    <property name="libs.jpa2-persistence.maven-pom" value="" />
    <property name="annotation.processing.enabled.in.editor" value="false" />
    <property name="libs.hibernate4-support.classpath" value="/Applications/NetBeans/NetBeans 8.2.app/Contents/Resources/NetBeans/java/modules/ext/hibernate4/antlr-2.7.7.jar:/Applications/NetBeans/NetBeans 8.2.app/Contents/Resources/NetBeans/java/modules/ext/hibernate4/c3p0-0.9.2.1.jar:/Applications/NetBeans/NetBeans 8.2.app/Contents/Resources/NetBeans/java/modules/ext/hibernate4/hibernate-c3p0-4.3.1.Final.jar:/Applications/NetBeans/NetBeans 8.2.app/Contents/Resources/NetBeans/java/modules/ext/hibernate4/mchange-commons-java-0.2.3.4.jar:/Applications/NetBeans/NetBeans 8.2.app/Contents/Resources/NetBeans/java/modules/ext/hibernate4/dom4j-1.6.1.jar:/Applications/NetBeans/NetBeans 8.2.app/Contents/Resources/NetBeans/java/modules/ext/hibernate4/ehcache-core-2.4.3.jar:/Applications/NetBeans/NetBeans 8.2.app/Contents/Resources/NetBeans/java/modules/ext/hibernate4/hibernate-ehcache-4.3.1.Final.jar:/Applications/NetBeans/NetBeans 8.2.app/Contents/Resources/NetBeans/java/modules/ext/hibernate4/hibernate-core-4.3.1.Final.jar:/Applications/NetBeans/NetBeans 8.2.app/Contents/Resources/NetBeans/java/modules/ext/hibernate4/jboss-logging-3.1.3.GA.jar:/Applications/NetBeans/NetBeans 8.2.app/Contents/Resources/NetBeans/java/modules/ext/hibernate4/hibernate-commons-annotations-4.0.4.Final.jar:/Applications/NetBeans/NetBeans 8.2.app/Contents/Resources/NetBeans/java/modules/ext/hibernate4/hibernate-entitymanager-4.3.1.Final.jar:/Applications/NetBeans/NetBeans 8.2.app/Contents/Resources/NetBeans/java/modules/ext/hibernate4/javassist-3.18.1-GA.jar:/Applications/NetBeans/NetBeans 8.2.app/Contents/Resources/NetBeans/java/modules/ext/hibernate4/jboss-transaction-api_1.2_spec-1.0.0.Final.jar:/Applications/NetBeans/NetBeans 8.2.app/Contents/Resources/NetBeans/java/modules/ext/hibernate4/slf4j-api-1.6.1.jar:/Applications/NetBeans/NetBeans 8.2.app/Contents/Resources/NetBeans/java/modules/ext/hibernate4/slf4j-simple-1.6.1.jar" />
    <property name="nb.native.filechooser" value="false" />
    <property name="file.reference.jcommon-1.0.23.jar" value="/Users/harshi/Documents/Desktop/HeartHelp/dist/lib/jcommon-1.0.23.jar" />
    <property name="sun.management.compiler" value="HotSpot 64-Bit Tiered Compilers" />
    <property name="javac.deprecation" value="false" />
    <property name="javadoc.use" value="true" />
    <property name="sun.java2d.noddraw" value="true" />
    <property name="javac.processorpath" value="db4o-8.0.184.15484-all-java5.jar:AbsoluteLayout.jar:javax.mail.jar:/Users/harshi/Documents/Desktop/HeartHelp/dist/lib/swtgraphics2d.jar:/Users/harshi/Documents/Desktop/HeartHelp/dist/lib/jcommon-1.0.23.jar:/Users/harshi/Documents/Desktop/HeartHelp/dist/lib/jfreechart-1.0.19-experimental.jar:/Users/harshi/Documents/Desktop/HeartHelp/dist/lib/jfreechart-1.0.19-swt.jar:/Users/harshi/Documents/Desktop/HeartHelp/dist/lib/jfreechart-1.0.19.jar:/Users/harshi/Documents/Desktop/HeartHelp/dist/lib/jfreesvg-2.0.jar:/Users/harshi/Documents/Desktop/HeartHelp/dist/lib/servlet.jar:Dependencies/javax.mail.jar:Dependencies/jcommon-1.0.23.jar:Dependencies/jfreechart-1.0.19-experimental.jar:Dependencies/jfreechart-1.0.19-swt.jar:Dependencies/jfreechart-1.0.19.jar:Dependencies/jfreesvg-2.0.jar:Dependencies/junit-4.11.jar:Dependencies/orsoncharts-1.4-eval-nofx.jar:Dependencies/orsonpdf-1.6-eval.jar:Dependencies/swtgraphics2d.jar:C:\Users\Sanjeev MD\Downloads\substance-7.2.1.jar\substance-7.2.1.jar:C:\Users\Sanjeev MD\Downloads\laf-widget-7.0.jar\laf-widget-7.0.jar:C:\Users\Sanjeev MD\Downloads\trident.jar\trident.jar:C:\Users\Sanjeev MD\Downloads\jar_files\laf-plugin-7.2.1.jar:Dependencies/substance-7.2.1.jar/substance-7.2.1.jar:Dependencies/laf-widget-7.0.jar/laf-widget-7.0.jar:Dependencies/trident.jar/trident.jar:Dependencies/laf-plugin-7.2-sources.jar/laf-plugin-7.2-sources.jar:Dependencies/jar_files/laf-plugin-7.2.1.jar" />
    <property name="libs.hamcrest.maven-pom" value="" />
    <property name="javac.compilerargs" value="" />
    <property name="ant.file" value="/Users/harshi/Documents/Desktop/AED/codewalkers/EcoSystem (1)/EcoSystem/build.xml" />
    <property name="libs.beans-binding.maven-pom" value="" />
    <property name="jnlp.codebase.type" value="no.codebase" />
    <property name="libs.hibernate4-support.javadoc" value="/Applications/NetBeans/NetBeans 8.2.app/Contents/Resources/NetBeans/java/modules/ext/docs/javax.persistence-2.1.0-doc.zip" />
    <property name="libs.beans-binding.src" value="" />
    <property name="java.vm.specification.vendor" value="Oracle Corporation" />
    <property name="libs.swing-layout.src" value="/Applications/NetBeans/NetBeans 8.2.app/Contents/Resources/NetBeans/platform/docs/swing-layout-1.0.4-src.zip" />
    <property name="file.reference.laf-widget-7.0.jar" value="C:\Users\Sanjeev MD\Downloads\laf-widget-7.0.jar\laf-widget-7.0.jar" />
    <property name="org.openide.major.version" value="IDE/1" />
    <property name="java.vm.name" value="Java HotSpot(TM) 64-Bit Server VM" />
    <property name="file.reference.servlet.jar" value="/Users/harshi/Documents/Desktop/HeartHelp/dist/lib/servlet.jar" />
    <property name="netbeans.user" value="/Users/harshi/Library/Application Support/NetBeans/8.2" />
    <property name="javadoc.additionalparam" value="" />
    <property name="jnlp.offline-allowed" value="false" />
    <property name="java.io.tmpdir" value="/var/folders/mx/g750k1ts63x3v4pnxs408ksm0000gn/T/" />
    <property name="java.vendor.url" value="http://java.oracle.com/" />
    <property name="endorsed.classpath.cmd.line.arg" value="" />
    <property name="jna.loaded" value="true" />
    <property name="junit.available" value="true" />
    <property name="org.openide.awt.ActionReference.completion" value="org.netbeans.modules.apisupport.project.layers.PathCompletions" />
    <property name="sun.boot.library.path" value="/Library/Java/JavaVirtualMachines/jdk1.8.0_111.jdk/Contents/Home/jre/lib" />
    <property name="have.sources" value="true" />
    <property name="libs.hamcrest.javadoc" value="" />
    <property name="debug.classpath" value="db4o-8.0.184.15484-all-java5.jar:AbsoluteLayout.jar:javax.mail.jar:/Users/harshi/Documents/Desktop/HeartHelp/dist/lib/swtgraphics2d.jar:/Users/harshi/Documents/Desktop/HeartHelp/dist/lib/jcommon-1.0.23.jar:/Users/harshi/Documents/Desktop/HeartHelp/dist/lib/jfreechart-1.0.19-experimental.jar:/Users/harshi/Documents/Desktop/HeartHelp/dist/lib/jfreechart-1.0.19-swt.jar:/Users/harshi/Documents/Desktop/HeartHelp/dist/lib/jfreechart-1.0.19.jar:/Users/harshi/Documents/Desktop/HeartHelp/dist/lib/jfreesvg-2.0.jar:/Users/harshi/Documents/Desktop/HeartHelp/dist/lib/servlet.jar:Dependencies/javax.mail.jar:Dependencies/jcommon-1.0.23.jar:Dependencies/jfreechart-1.0.19-experimental.jar:Dependencies/jfreechart-1.0.19-swt.jar:Dependencies/jfreechart-1.0.19.jar:Dependencies/jfreesvg-2.0.jar:Dependencies/junit-4.11.jar:Dependencies/orsoncharts-1.4-eval-nofx.jar:Dependencies/orsonpdf-1.6-eval.jar:Dependencies/swtgraphics2d.jar:C:\Users\Sanjeev MD\Downloads\substance-7.2.1.jar\substance-7.2.1.jar:C:\Users\Sanjeev MD\Downloads\laf-widget-7.0.jar\laf-widget-7.0.jar:C:\Users\Sanjeev MD\Downloads\trident.jar\trident.jar:C:\Users\Sanjeev MD\Downloads\jar_files\laf-plugin-7.2.1.jar:Dependencies/substance-7.2.1.jar/substance-7.2.1.jar:Dependencies/laf-widget-7.0.jar/laf-widget-7.0.jar:Dependencies/trident.jar/trident.jar:Dependencies/laf-plugin-7.2-sources.jar/laf-plugin-7.2-sources.jar:Dependencies/jar_files/laf-plugin-7.2.1.jar:build/classes" />
    <property name="javac.external.vm" value="false" />
    <property name="javadoc.private" value="false" />
    <property name="test.src.dir" value="test" />
    <property name="ap.processors.internal" value="" />
    <property name="meta.inf.dir" value="src/META-INF" />
    <property name="javadoc.encoding.used" value="UTF-8" />
    <property name="ant.file.EcoSystemDemo-impl" value="/Users/harshi/Documents/Desktop/AED/codewalkers/EcoSystem (1)/EcoSystem/nbproject/build-impl.xml" />
    <property name="dist.jar" value="dist/EcoSystemDemo.jar" />
    <property name="libs.spring-framework400.maven-pom" value="" />
    <property name="netbeans.automatic.build" value="true" />
    <property name="java.runtime.name" value="Java(TM) SE Runtime Environment" />
    <property name="file.reference.jfreesvg-2.0.jar-1" value="Dependencies/jfreesvg-2.0.jar" />
    <property name="ant.project.name" value="EcoSystemDemo" />
    <property name="netbeans.hash.code" value="unique=NB_JAVA02c9c3968-7880-400d-8e23-1b6af629b341_9d22dc1b-47d5-4295-b118-1ba7b9e57201" />
    <property name="netbeans.default_userdir_root" value="/Users/harshi/Library/Application Support/NetBeans" />
    <property name="sun.cpu.isalist" value="" />
    <property name="libs.spring-framework400.javadoc" value="" />
    <property name="libs.CopyLibs.javadoc" value="" />
    <property name="file.reference.jfreechart-1.0.19.jar-1" value="Dependencies/jfreechart-1.0.19.jar" />
    <property name="org.openide.specification.version" value="6.2" />
    <property name="user.home" value="/Users/harshi" />
    <property name="annotation.processing.processors.list" value="" />
    <property name="debug-args-line" value="-Xdebug" />
    <property name="libs.JWSAntTasks.src" value="" />
    <property name="jar.index" value="false" />
    <property name="libs.CopyLibs.maven-pom" value="" />
    <property name="libs.spring-framework300.javadoc" value="" />
    <property name="libs.absolutelayout.javadoc" value="" />
    <property name="java.specification.name" value="Java Platform API Specification" />
    <property name="do.archive+main.class.available" value="true" />
    <property name="jnlp.mixed.code" value="default" />
    <property name="java.specification.vendor" value="Oracle Corporation" />
    <property name="libs.javac-api.classpath" value="/Applications/NetBeans/NetBeans 8.2.app/Contents/Resources/NetBeans/java/modules/ext/nb-javac-api.jar" />
    <property name="java.version" value="1.8.0_111" />
    <property name="run.jvmargs.ide" value="" />
    <property name="javadoc.version" value="false" />
    <property name="libs.MySQLDriver.javadoc" value="" />
    <property name="org.openide.version" value="deprecated" />
    <property name="platform.java" value="/Library/Java/JavaVirtualMachines/jdk1.8.0_111.jdk/Contents/Home/jre/bin/java" />
    <property name="source.encoding" value="UTF-8" />
    <property name="ap.cmd.line.internal" value="" />
    <property name="libs.eclipselinkmodelgen.maven-pom" value="" />
    <property name="libs.eclipselinkmodelgen.javadoc" value="" />
    <property name="netbeans.home+have.tests" value="true" />
    <property name="annotation.processing.processor.options" value="" />
    <property name="libs.testng.maven-pom" value="" />
    <property name="libs.jaxb.src" value="" />
    <property name="ant.file.type.EcoSystemDemo-impl" value="file" />
    <property name="work.dir" value="/Users/harshi/Documents/Desktop/AED/codewalkers/EcoSystem (1)/EcoSystem" />
    <property name="file.reference.jfreechart-1.0.19-swt.jar-1" value="Dependencies/jfreechart-1.0.19-swt.jar" />
    <property name="libs.jaxb.classpath" value="/Applications/NetBeans/NetBeans 8.2.app/Contents/Resources/NetBeans/ide/modules/ext/jaxb/jaxb-impl.jar:/Applications/NetBeans/NetBeans 8.2.app/Contents/Resources/NetBeans/ide/modules/ext/jaxb/jaxb-xjc.jar:/Applications/NetBeans/NetBeans 8.2.app/Contents/Resources/NetBeans/ide/modules/ext/jaxb/jaxb1-impl.jar:/Applications/NetBeans/NetBeans 8.2.app/Contents/Resources/NetBeans/ide/modules/ext/jaxb/activation.jar:/Applications/NetBeans/NetBeans 8.2.app/Contents/Resources/NetBeans/ide/modules/ext/jaxb/api/jaxb-api.jar:/Applications/NetBeans/NetBeans 8.2.app/Contents/Resources/NetBeans/ide/modules/ext/jaxb/api/jsr173_1.0_api.jar" />
    <property name="do.depend" value="false" />
    <property name="dist.javadoc.dir" value="dist/javadoc" />
    <property name="libs.swing-layout.classpath" value="/Applications/NetBeans/NetBeans 8.2.app/Contents/Resources/NetBeans/platform/modules/ext/swing-layout-1.0.4.jar" />
    <property name="build.generated.dir" value="build/generated" />
    <property name="javac.source" value="1.8" />
    <property name="line.separator" value="&#xa;" />
    <property name="${file.reference.trident.jar-1}" value="Dependencies/laf-widget-7.0.jar/laf-widget-7.0.jar:Dependencies/laf-plugin-7.2-sources.jar/laf-plugin-7.2-sources.jar:Dependencies/jar_files/laf-plugin-7.2.1.jar" />
    <property name="java.specification.version" value="1.8" />
    <property name="libs.jaxws21.maven-pom" value="" />
    <property name="java.vm.info" value="mixed mode" />
    <property name="nb.junit.batch" value="true" />
    <property name="junit.forkmode" value="perTest" />
    <property name="manifest.custom.caller.allowable.codebase" value="" />
    <property name="addExports:java.management/sun.management" value="ALL-UNNAMED" />
    <property name="sun.boot.class.path" value="/Library/Java/JavaVirtualMachines/jdk1.8.0_111.jdk/Contents/Home/jre/lib/resources.jar:/Library/Java/JavaVirtualMachines/jdk1.8.0_111.jdk/Contents/Home/jre/lib/rt.jar:/Library/Java/JavaVirtualMachines/jdk1.8.0_111.jdk/Contents/Home/jre/lib/sunrsasign.jar:/Library/Java/JavaVirtualMachines/jdk1.8.0_111.jdk/Contents/Home/jre/lib/jsse.jar:/Library/Java/JavaVirtualMachines/jdk1.8.0_111.jdk/Contents/Home/jre/lib/jce.jar:/Library/Java/JavaVirtualMachines/jdk1.8.0_111.jdk/Contents/Home/jre/lib/charsets.jar:/Library/Java/JavaVirtualMachines/jdk1.8.0_111.jdk/Contents/Home/jre/lib/jfr.jar:/Library/Java/JavaVirtualMachines/jdk1.8.0_111.jdk/Contents/Home/jre/classes" />
    <property name="javac.target" value="1.8" />
    <property name="file.reference.trident.jar-1" value="Dependencies/trident.jar/trident.jar" />
    <property name="built-jar.properties" value="/Users/harshi/Documents/Desktop/AED/codewalkers/EcoSystem (1)/EcoSystem/build/built-jar.properties" />
    <property name="build.test.classes.dir" value="build/test/classes" />
    <property name="src.dir" value="src" />
    <property name="annotation.processing.enabled" value="true" />
    <property name="libs.jpa2-persistence.src" value="" />
    <property name="libs.jpa20-persistence.src" value="" />
    <property name="file.reference.jcommon-1.0.23.jar-1" value="Dependencies/jcommon-1.0.23.jar" />
    <property name="ignore.failing.tests" value="true" />
    <property name="file.reference.javax.mail.jar-2" value="Dependencies/javax.mail.jar" />
    <property name="file.reference.javax.mail.jar-1" value="javax.mail.jar" />
    <property name="dist.dir" value="dist" />
    <property name="testng.debug.mode" value="" />
    <property name="javac.fork" value="false" />
    <property name="java.awt.printerjob" value="sun.lwawt.macosx.CPrinterJob" />
    <property name="default.javac.source" value="1.8" />
    <property name="debug-transport-by-os" value="dt_socket" />
    <property name="libs.MySQLDriver.src" value="" />
    <property name="sun.jnu.encoding" value="UTF-8" />
    <property name="file.reference.laf-plugin-7.2-sources.jar" value="Dependencies/laf-plugin-7.2-sources.jar/laf-plugin-7.2-sources.jar" />
    <property name="file.reference.laf-widget-7.0.jar-1" value="Dependencies/laf-widget-7.0.jar/laf-widget-7.0.jar" />
    <property name="build.test.results.dir" value="build/test/results" />
    <property name="file.reference.jfreechart-1.0.19-experimental.jar-1" value="Dependencies/jfreechart-1.0.19-experimental.jar" />
    <property name="java.runtime.version" value="1.8.0_111-b14" />
    <property name="jna.platform.library.path" value="/usr/lib:/usr/lib" />
    <property name="default.javac.target" value="1.8" />
    <property name="libs.junit_4.classpath" value="/Applications/NetBeans/NetBeans 8.2.app/Contents/Resources/NetBeans/platform/modules/ext/junit-4.12.jar" />
    <property name="user.timezone" value="" />
    <property name="nb.junit.single" value="false" />
    <property name="do.jar" value="true" />
    <property name="netbeans.dirs" value="/Applications/NetBeans/NetBeans 8.2.app/Contents/Resources/NetBeans/nb:/Applications/NetBeans/NetBeans 8.2.app/Contents/Resources/NetBeans/ergonomics:/Applications/NetBeans/NetBeans 8.2.app/Contents/Resources/NetBeans/ide:/Applications/NetBeans/NetBeans 8.2.app/Contents/Resources/NetBeans/extide:/Applications/NetBeans/NetBeans 8.2.app/Contents/Resources/NetBeans/java:/Applications/NetBeans/NetBeans 8.2.app/Contents/Resources/NetBeans/apisupport:/Applications/NetBeans/NetBeans 8.2.app/Contents/Resources/NetBeans/webcommon:/Applications/NetBeans/NetBeans 8.2.app/Contents/Resources/NetBeans/websvccommon:/Applications/NetBeans/NetBeans 8.2.app/Contents/Resources/NetBeans/enterprise:/Applications/NetBeans/NetBeans 8.2.app/Contents/Resources/NetBeans/mobility:/Applications/NetBeans/NetBeans 8.2.app/Contents/Resources/NetBeans/profiler:/Applications/NetBeans/NetBeans 8.2.app/Contents/Resources/NetBeans/python:/Applications/NetBeans/NetBeans 8.2.app/Contents/Resources/NetBeans/php:/Applications/NetBeans/NetBeans 8.2.app/Contents/Resources/NetBeans/identity:/Applications/NetBeans/NetBeans 8.2.app/Contents/Resources/NetBeans/harness:/Applications/NetBeans/NetBeans 8.2.app/Contents/Resources/NetBeans/cnd:/Applications/NetBeans/NetBeans 8.2.app/Contents/Resources/NetBeans/cndext:/Applications/NetBeans/NetBeans 8.2.app/Contents/Resources/NetBeans/dlight:/Applications/NetBeans/NetBeans 8.2.app/Contents/Resources/NetBeans/groovy:/Applications/NetBeans/NetBeans 8.2.app/Contents/Resources/NetBeans/extra:/Applications/NetBeans/NetBeans 8.2.app/Contents/Resources/NetBeans/javacard:/Applications/NetBeans/NetBeans 8.2.app/Contents/Resources/NetBeans/javafx:" />
    <property name="java.ext.dirs" value="/Users/harshi/Library/Java/Extensions:/Library/Java/JavaVirtualMachines/jdk1.8.0_111.jdk/Contents/Home/jre/lib/ext:/Library/Java/Extensions:/Network/Library/Java/Extensions:/System/Library/Java/Extensions:/usr/lib/java" />
    <property name="endorsed.classpath" value="" />
    <property name="libs.absolutelayout.classpath" value="/Applications/NetBeans/NetBeans 8.2.app/Contents/Resources/NetBeans/java/modules/ext/AbsoluteLayout.jar" />
    <property name="excludes" value="" />
    <property name="libs.jpa2-persistence.javadoc" value="/Applications/NetBeans/NetBeans 8.2.app/Contents/Resources/NetBeans/java/modules/ext/docs/javax.persistence-2.1.0-doc.zip" />
    <property name="apple.laf.useScreenMenuBar" value="true" />
    <property name="java.class.path" value="/Users/harshi/Documents/Desktop/AED/codewalkers/EcoSystem (1)/EcoSystem/db4o-8.0.184.15484-all-java5.jar:/Users/harshi/Documents/Desktop/AED/codewalkers/EcoSystem (1)/EcoSystem/AbsoluteLayout.jar:/Users/harshi/Documents/Desktop/AED/codewalkers/EcoSystem (1)/EcoSystem/javax.mail.jar:/Users/harshi/Documents/Desktop/AED/codewalkers/EcoSystem (1)/EcoSystem/Dependencies/javax.mail.jar:/Users/harshi/Documents/Desktop/AED/codewalkers/EcoSystem (1)/EcoSystem/Dependencies/jcommon-1.0.23.jar:/Users/harshi/Documents/Desktop/AED/codewalkers/EcoSystem (1)/EcoSystem/Dependencies/jfreechart-1.0.19-experimental.jar:/Users/harshi/Documents/Desktop/AED/codewalkers/EcoSystem (1)/EcoSystem/Dependencies/jfreechart-1.0.19-swt.jar:/Users/harshi/Documents/Desktop/AED/codewalkers/EcoSystem (1)/EcoSystem/Dependencies/jfreechart-1.0.19.jar:/Users/harshi/Documents/Desktop/AED/codewalkers/EcoSystem (1)/EcoSystem/Dependencies/jfreesvg-2.0.jar:/Users/harshi/Documents/Desktop/AED/codewalkers/EcoSystem (1)/EcoSystem/Dependencies/junit-4.11.jar:/Users/harshi/Documents/Desktop/AED/codewalkers/EcoSystem (1)/EcoSystem/Dependencies/orsoncharts-1.4-eval-nofx.jar:/Users/harshi/Documents/Desktop/AED/codewalkers/EcoSystem (1)/EcoSystem/Dependencies/orsonpdf-1.6-eval.jar:/Users/harshi/Documents/Desktop/AED/codewalkers/EcoSystem (1)/EcoSystem/Dependencies/swtgraphics2d.jar:/Users/harshi/Documents/Desktop/AED/codewalkers/EcoSystem (1)/EcoSystem/Dependencies/substance-7.2.1.jar/substance-7.2.1.jar:/Users/harshi/Documents/Desktop/AED/codewalkers/EcoSystem (1)/EcoSystem/Dependencies/laf-widget-7.0.jar/laf-widget-7.0.jar:/Users/harshi/Documents/Desktop/AED/codewalkers/EcoSystem (1)/EcoSystem/Dependencies/trident.jar/trident.jar:/Users/harshi/Documents/Desktop/AED/codewalkers/EcoSystem (1)/EcoSystem/Dependencies/laf-plugin-7.2-sources.jar/laf-plugin-7.2-sources.jar:/Users/harshi/Documents/Desktop/AED/codewalkers/EcoSystem (1)/EcoSystem/Dependencies/jar_files/laf-plugin-7.2.1.jar:/Users/harshi/Documents/Desktop/AED/codewalkers/EcoSystem (1)/EcoSystem/build/classes:/Applications/NetBeans/NetBeans 8.2.app/Contents/Resources/NetBeans/platform/modules/ext/junit-4.12.jar:/Applications/NetBeans/NetBeans 8.2.app/Contents/Resources/NetBeans/platform/modules/ext/hamcrest-core-1.3.jar:/Users/harshi/Documents/Desktop/AED/codewalkers/EcoSystem (1)/EcoSystem/build/test/classes:/Applications/NetBeans/NetBeans 8.2.app/Contents/Resources/NetBeans/extide/ant/lib/ant-launcher.jar:/Applications/NetBeans/NetBeans 8.2.app/Contents/Resources/NetBeans/extide/ant/lib/ant.jar:/Applications/NetBeans/NetBeans 8.2.app/Contents/Resources/NetBeans/extide/ant/lib/ant-junit.jar:/Applications/NetBeans/NetBeans 8.2.app/Contents/Resources/NetBeans/extide/ant/lib/ant-junit4.jar" />
    <property name="addExports:java.desktop/java.awt.peer" value="ALL-UNNAMED" />
    <property name="addExports:java.desktop/com.sun.beans.editors" value="ALL-UNNAMED" />
    <property name="do.mkdist" value="true" />
    <property name="libs.absolutelayout.src" value="" />
    <property name="libs.jpa20-persistence.classpath" value="/Applications/NetBeans/NetBeans 8.2.app/Contents/Resources/NetBeans/java/modules/ext/eclipselink/javax.persistence_2.1.0.v201304241213.jar" />
    <property name="os.version" value="10.15.1" />
    <property name="application.args" value="" />
    <property name="manifest.custom.permissions" value="" />
    <property name="main.class.available" value="true" />
    <property name="sun.awt.enableExtraMouseButtons" value="true" />
    <property name="libs.hibernate4-persistence.src" value="" />
    <property name="libs.hibernate4-support.maven-pom" value="" />
    <property name="libs.JAXB-ENDORSED.classpath" value="/Applications/NetBeans/NetBeans 8.2.app/Contents/Resources/NetBeans/ide/modules/ext/jaxb/api/jaxb-api.jar" />
    <property name="nb.internal.action.name" value="test" />
    <property name="libs.eclipselink.classpath" value="/Applications/NetBeans/NetBeans 8.2.app/Contents/Resources/NetBeans/java/modules/ext/eclipselink/eclipselink.jar:/Applications/NetBeans/NetBeans 8.2.app/Contents/Resources/NetBeans/java/modules/ext/eclipselink/javax.persistence_2.1.0.v201304241213.jar:/Applications/NetBeans/NetBeans 8.2.app/Contents/Resources/NetBeans/java/modules/ext/eclipselink/org.eclipse.persistence.jpa.jpql_2.5.2.v20140319-9ad6abd.jar" />
    <property name="libs.beans-binding.javadoc" value="/Applications/NetBeans/NetBeans 8.2.app/Contents/Resources/NetBeans/java/docs/beansbinding-1.2.1-doc.zip" />
    <property name="java.awt.graphicsenv" value="sun.awt.CGraphicsEnvironment" />
    <property name="java.vm.vendor" value="Oracle Corporation" />
    <property name="libs.CopyLibs.classpath" value="/Applications/NetBeans/NetBeans 8.2.app/Contents/Resources/NetBeans/java/ant/extra/org-netbeans-modules-java-j2seproject-copylibstask.jar" />
    <property name="libs.spring-framework300.classpath" value="/Applications/NetBeans/NetBeans 8.2.app/Contents/Resources/NetBeans/ide/modules/org-apache-commons-logging.jar:/Applications/NetBeans/NetBeans 8.2.app/Contents/Resources/NetBeans/java/modules/ext/cglib-2.2.jar:/Applications/NetBeans/NetBeans 8.2.app/Contents/Resources/NetBeans/java/modules/ext/spring-3.0/spring-aop-3.2.7.RELEASE.jar:/Applications/NetBeans/NetBeans 8.2.app/Contents/Resources/NetBeans/java/modules/ext/spring-3.0/spring-aspects-3.2.7.RELEASE.jar:/Applications/NetBeans/NetBeans 8.2.app/Contents/Resources/NetBeans/java/modules/ext/spring-3.0/spring-beans-3.2.7.RELEASE.jar:/Applications/NetBeans/NetBeans 8.2.app/Contents/Resources/NetBeans/java/modules/ext/spring-3.0/spring-build-src-3.2.7.RELEASE.jar:/Applications/NetBeans/NetBeans 8.2.app/Contents/Resources/NetBeans/java/modules/ext/spring-3.0/spring-context-3.2.7.RELEASE.jar:/Applications/NetBeans/NetBeans 8.2.app/Contents/Resources/NetBeans/java/modules/ext/spring-3.0/spring-context-support-3.2.7.RELEASE.jar:/Applications/NetBeans/NetBeans 8.2.app/Contents/Resources/NetBeans/java/modules/ext/spring-3.0/spring-core-3.2.7.RELEASE.jar:/Applications/NetBeans/NetBeans 8.2.app/Contents/Resources/NetBeans/java/modules/ext/spring-3.0/spring-expression-3.2.7.RELEASE.jar:/Applications/NetBeans/NetBeans 8.2.app/Contents/Resources/NetBeans/java/modules/ext/spring-3.0/spring-framework-bom-3.2.7.RELEASE.jar:/Applications/NetBeans/NetBeans 8.2.app/Contents/Resources/NetBeans/java/modules/ext/spring-3.0/spring-instrument-3.2.7.RELEASE.jar:/Applications/NetBeans/NetBeans 8.2.app/Contents/Resources/NetBeans/java/modules/ext/spring-3.0/spring-instrument-tomcat-3.2.7.RELEASE.jar:/Applications/NetBeans/NetBeans 8.2.app/Contents/Resources/NetBeans/java/modules/ext/spring-3.0/spring-jdbc-3.2.7.RELEASE.jar:/Applications/NetBeans/NetBeans 8.2.app/Contents/Resources/NetBeans/java/modules/ext/spring-3.0/spring-jms-3.2.7.RELEASE.jar:/Applications/NetBeans/NetBeans 8.2.app/Contents/Resources/NetBeans/java/modules/ext/spring-3.0/spring-orm-3.2.7.RELEASE.jar:/Applications/NetBeans/NetBeans 8.2.app/Contents/Resources/NetBeans/java/modules/ext/spring-3.0/spring-oxm-3.2.7.RELEASE.jar:/Applications/NetBeans/NetBeans 8.2.app/Contents/Resources/NetBeans/java/modules/ext/spring-3.0/spring-struts-3.2.7.RELEASE.jar:/Applications/NetBeans/NetBeans 8.2.app/Contents/Resources/NetBeans/java/modules/ext/spring-3.0/spring-test-3.2.7.RELEASE.jar:/Applications/NetBeans/NetBeans 8.2.app/Contents/Resources/NetBeans/java/modules/ext/spring-3.0/spring-tx-3.2.7.RELEASE.jar:/Applications/NetBeans/NetBeans 8.2.app/Contents/Resources/NetBeans/java/modules/ext/spring-3.0/spring-web-3.2.7.RELEASE.jar:/Applications/NetBeans/NetBeans 8.2.app/Contents/Resources/NetBeans/java/modules/ext/spring-3.0/spring-webmvc-3.2.7.RELEASE.jar:/Applications/NetBeans/NetBeans 8.2.app/Contents/Resources/NetBeans/java/modules/ext/spring-3.0/spring-webmvc-portlet-3.2.7.RELEASE.jar" />
    <property name="libs.hamcrest.src" value="" />
    <property name="run.jvmargs" value="" />
    <property name="libs.hibernate4-persistence.classpath" value="/Applications/NetBeans/NetBeans 8.2.app/Contents/Resources/NetBeans/java/modules/ext/hibernate4/antlr-2.7.7.jar:/Applications/NetBeans/NetBeans 8.2.app/Contents/Resources/NetBeans/java/modules/ext/hibernate4/c3p0-0.9.2.1.jar:/Applications/NetBeans/NetBeans 8.2.app/Contents/Resources/NetBeans/java/modules/ext/hibernate4/hibernate-c3p0-4.3.1.Final.jar:/Applications/NetBeans/NetBeans 8.2.app/Contents/Resources/NetBeans/java/modules/ext/hibernate4/mchange-commons-java-0.2.3.4.jar:/Applications/NetBeans/NetBeans 8.2.app/Contents/Resources/NetBeans/java/modules/ext/hibernate4/dom4j-1.6.1.jar:/Applications/NetBeans/NetBeans 8.2.app/Contents/Resources/NetBeans/java/modules/ext/hibernate4/ehcache-core-2.4.3.jar:/Applications/NetBeans/NetBeans 8.2.app/Contents/Resources/NetBeans/java/modules/ext/hibernate4/hibernate-ehcache-4.3.1.Final.jar:/Applications/NetBeans/NetBeans 8.2.app/Contents/Resources/NetBeans/java/modules/ext/hibernate4/hibernate-core-4.3.1.Final.jar:/Applications/NetBeans/NetBeans 8.2.app/Contents/Resources/NetBeans/java/modules/ext/hibernate4/jboss-logging-3.1.3.GA.jar:/Applications/NetBeans/NetBeans 8.2.app/Contents/Resources/NetBeans/java/modules/ext/hibernate4/hibernate-commons-annotations-4.0.4.Final.jar:/Applications/NetBeans/NetBeans 8.2.app/Contents/Resources/NetBeans/java/modules/ext/hibernate4/hibernate-entitymanager-4.3.1.Final.jar:/Applications/NetBeans/NetBeans 8.2.app/Contents/Resources/NetBeans/java/modules/ext/hibernate4/javassist-3.18.1-GA.jar:/Applications/NetBeans/NetBeans 8.2.app/Contents/Resources/NetBeans/java/modules/ext/hibernate4/jboss-transaction-api_1.2_spec-1.0.0.Final.jar:/Applications/NetBeans/NetBeans 8.2.app/Contents/Resources/NetBeans/java/modules/ext/hibernate4/slf4j-api-1.6.1.jar:/Applications/NetBeans/NetBeans 8.2.app/Contents/Resources/NetBeans/java/modules/ext/hibernate4/slf4j-simple-1.6.1.jar:/Applications/NetBeans/NetBeans 8.2.app/Contents/Resources/NetBeans/java/modules/ext/hibernate4/hibernate-jpa-2.1-api-1.0.0.Final.jar" />
    <property name="libs.JAXB-ENDORSED.src" value="" />
    <property name="libs.testng.javadoc" value="/Applications/NetBeans/NetBeans 8.2.app/Contents/Resources/NetBeans/platform/docs/testng-6.8.1-javadoc.zip" />
    <property name="libs.PostgreSQLDriver.classpath" value="/Applications/NetBeans/NetBeans 8.2.app/Contents/Resources/NetBeans/ide/modules/ext/postgresql-9.4.1209.jar" />
    <property name="${file.reference.laf-plugin-7.2.1.jar-1}" value="Dependencies/laf-plugin-7.2-sources.jar/laf-plugin-7.2-sources.jar:Dependencies/laf-widget-7.0.jar/laf-widget-7.0.jar:Dependencies/trident.jar/trident.jar" />
    <property name="jnlp.signing" value="" />
    <property name="libs.hibernate4-persistencemodelgen.classpath" value="/Applications/NetBeans/NetBeans 8.2.app/Contents/Resources/NetBeans/java/modules/ext/hibernate4/hibernate-jpamodelgen-4.3.1.Final.jar" />
    <property name="annotation.processing.source.output" value="build/generated-sources/ap-source-output" />
    <property name="jnlp.signed" value="false" />
    <property name="main.class" value="userinterface.MainJFrame" />
    <property name="libs.CopyLibs.src" value="" />
    <property name="build.dir" value="build" />
    <property name="addExports:java.desktop/apple.laf" value="ALL-UNNAMED" />
    <property name="ant.version" value="Apache Ant(TM) version 1.9.7 compiled on April 9 2016" />
    <property name="file.encoding" value="UTF-8" />
    <property name="build.classes.excludes" value="**/*.java,**/*.form" />
    <property name="jdkBug6558476" value="false" />
    <property name="javadoc.nonavbar" value="false" />
    <property name="platform.active" value="default_platform" />
    <property name="awt.toolkit" value="sun.lwawt.macosx.LWCToolkit" />
  </properties>
  <testcase classname="Mail.SendMailTest" name="testSendMail" time="2.383" />
  <system-out><![CDATA[sendMail
]]></system-out>
  <system-err><![CDATA[]]></system-err>
</testsuite>
